<?xml version="1.0" encoding="UTF-8"?>
<!-- Generated by org.testng.reporters.JUnitXMLReporter -->
<testsuite ignored="0" hostname="LTIN674595" failures="0" tests="5" name="EdgeTest" time="86.509" errors="0" timestamp="2026-02-04T15:38:47 IST">
  <testcase classname="testCases.TC_001_TitleCheck" name="TitleChcek" time="0.309"/>
  <testcase classname="testCases.TC_002_SearchingCourse" name="SearchCourse" time="7.109"/>
  <testcase classname="testCases.TC_003_ApplyingFilter_AND_Retriving_Reviews" name="SearchCourse" time="5.276"/>
  <testcase classname="testCases.TC_003_ApplyingFilter_AND_Retriving_Reviews" name="helper" time="15.855"/>
  <testcase classname="testCases.TC_004_Validating_EnterpriserAndScreenShot_Taking" name="helper" time="13.45"/>
</testsuite> <!-- EdgeTest -->
