<?xml version="1.0" encoding="UTF-8"?>
<!-- Generated by org.testng.reporters.JUnitXMLReporter -->
<testsuite ignored="0" hostname="LTIN674595" failures="0" tests="4" name="Test" time="0.09" errors="0" timestamp="2026-01-29T10:54:25 IST">
  <testcase classname="testBase.BaseClass" name="@BeforeClass setUp" time="-1.769664265063E9">
    <failure type="org.testng.TestNGException" message="
Parameter &amp;apos;browswer&amp;apos; is required by BeforeClass on method setUp but has not been marked @Optional or defined
in C:\Automation\MyWorkSpace\seleniumWebDriver\MajorProject\testng.xml">
      <![CDATA[org.testng.TestNGException: 
Parameter 'browswer' is required by BeforeClass on method setUp but has not been marked @Optional or defined
in C:\Automation\MyWorkSpace\seleniumWebDriver\MajorProject\testng.xml
at java.base/java.util.ArrayList.forEach(ArrayList.java:1596)
... Removed 22 stack frames]]>
    </failure>
  </testcase> <!-- @BeforeClass setUp -->
  <testcase classname="testBase.BaseClass" name="@AfterClass tearDown" time="-1.769664265099E9">
    <skipped/>
  </testcase> <!-- @AfterClass tearDown -->
  <testcase classname="testBase.BaseClass" name="@BeforeClass setUp" time="-1.769664265105E9">
    <failure type="org.testng.TestNGException" message="
Parameter &amp;apos;browswer&amp;apos; is required by BeforeClass on method setUp but has not been marked @Optional or defined
in C:\Automation\MyWorkSpace\seleniumWebDriver\MajorProject\testng.xml">
      <![CDATA[org.testng.TestNGException: 
Parameter 'browswer' is required by BeforeClass on method setUp but has not been marked @Optional or defined
in C:\Automation\MyWorkSpace\seleniumWebDriver\MajorProject\testng.xml
at java.base/java.util.ArrayList.forEach(ArrayList.java:1596)
... Removed 22 stack frames]]>
    </failure>
  </testcase> <!-- @BeforeClass setUp -->
  <testcase classname="testBase.BaseClass" name="@AfterClass tearDown" time="-1.769664265111E9">
    <skipped/>
  </testcase> <!-- @AfterClass tearDown -->
  <testcase classname="testBase.BaseClass" name="@BeforeClass setUp" time="-1.769664265113E9">
    <failure type="org.testng.TestNGException" message="
Parameter &amp;apos;browswer&amp;apos; is required by BeforeClass on method setUp but has not been marked @Optional or defined
in C:\Automation\MyWorkSpace\seleniumWebDriver\MajorProject\testng.xml">
      <![CDATA[org.testng.TestNGException: 
Parameter 'browswer' is required by BeforeClass on method setUp but has not been marked @Optional or defined
in C:\Automation\MyWorkSpace\seleniumWebDriver\MajorProject\testng.xml
at java.base/java.util.ArrayList.forEach(ArrayList.java:1596)
... Removed 22 stack frames]]>
    </failure>
  </testcase> <!-- @BeforeClass setUp -->
  <testcase classname="testBase.BaseClass" name="@AfterClass tearDown" time="-1.769664265121E9">
    <skipped/>
  </testcase> <!-- @AfterClass tearDown -->
  <testcase classname="testCases.TC_001_TitleCheck" name="TitleChcek" time="0.0">
    <skipped/>
  </testcase> <!-- TitleChcek -->
  <testcase classname="testCases.TC_002_SearchingCourse" name="SearchCourse" time="0.0">
    <skipped/>
  </testcase> <!-- SearchCourse -->
  <testcase classname="testCases.TC_003_ApplyingFilter_AND_Retriving_Reviews" name="SearchCourse" time="0.0">
    <skipped/>
  </testcase> <!-- SearchCourse -->
  <testcase classname="testCases.TC_003_ApplyingFilter_AND_Retriving_Reviews" name="helper" time="0.0">
    <skipped/>
  </testcase> <!-- helper -->
</testsuite> <!-- Test -->
