<?xml version="1.0" encoding="UTF-8"?>
<testng-results ignored="0" total="1" passed="1" failed="0" skipped="0">
  <reporter-output>
  </reporter-output>
  <suite started-at="2026-02-05T12:23:27 IST" name="Suite" finished-at="2026-02-05T12:23:59 IST" duration-ms="32384">
    <groups>
    </groups>
    <test started-at="2026-02-05T12:23:27 IST" name="ChromeTest" finished-at="2026-02-05T12:23:59 IST" duration-ms="32384">
      <class name="testCases.TC_005_LanguageLearning">
        <test-method is-config="true" signature="setUp(java.lang.String,java.lang.String)[pri:0, instance:testCases.TC_005_LanguageLearning@647e447]" started-at="2026-02-05T12:23:27 IST" name="setUp" finished-at="2026-02-05T12:23:35 IST" duration-ms="7897" status="PASS">
          <params>
            <param index="0">
              <value>
                <![CDATA[Windows]]>
              </value>
            </param>
            <param index="1">
              <value>
                <![CDATA[Chrome]]>
              </value>
            </param>
          </params>
          <reporter-output>
          </reporter-output>
        </test-method> <!-- setUp -->
        <test-method signature="languageDetails()[pri:1, instance:testCases.TC_005_LanguageLearning@647e447]" started-at="2026-02-05T12:23:35 IST" name="languageDetails" finished-at="2026-02-05T12:23:53 IST" duration-ms="17771" status="PASS">
          <reporter-output>
          </reporter-output>
        </test-method> <!-- languageDetails -->
        <test-method is-config="true" signature="tearDown()[pri:0, instance:testCases.TC_005_LanguageLearning@647e447]" started-at="2026-02-05T12:23:53 IST" name="tearDown" finished-at="2026-02-05T12:23:59 IST" duration-ms="6398" status="PASS">
          <reporter-output>
          </reporter-output>
        </test-method> <!-- tearDown -->
      </class> <!-- testCases.TC_005_LanguageLearning -->
    </test> <!-- ChromeTest -->
  </suite> <!-- Suite -->
</testng-results>
