<?xml version="1.0" encoding="UTF-8"?>
<!-- Generated by org.testng.reporters.JUnitReportReporter -->
<testsuite hostname="LTIN674595" failures="0" tests="2" name="testCases.TC_003_ApplyingFilter_AND_Retriving_Reviews" time="27.669" errors="0" timestamp="2026-02-05T09:59:43 IST" skipped="0">
  <testcase classname="testCases.TC_003_ApplyingFilter_AND_Retriving_Reviews" name="SearchCourse" time="6.664"/>
  <system-out/>
  <testcase classname="testCases.TC_003_ApplyingFilter_AND_Retriving_Reviews" name="helper" time="21.005"/>
  <system-out/>
</testsuite> <!-- testCases.TC_003_ApplyingFilter_AND_Retriving_Reviews -->
